2024-02-16 10:19:02 INFO Search tweet: pemilu2024
2024-02-16 10:19:05 INFO Waiting for element with selector: '//div[@aria-label='Timeline: Search timeline']'
2024-02-16 10:19:59 INFO Retrieved 7 tweet(s).
2024-02-16 10:19:59 INFO Results tweet: 7
2024-02-16 10:20:05 INFO Retrieved 10 tweet(s).
2024-02-16 10:20:05 INFO Results tweet: 17
2024-02-16 10:20:10 INFO Retrieved 9 tweet(s).
2024-02-16 10:20:10 INFO Results tweet: 26
2024-02-16 10:20:16 INFO Retrieved 10 tweet(s).
2024-02-16 10:20:16 INFO Results tweet: 36
2024-02-16 10:20:22 INFO Retrieved 11 tweet(s).
2024-02-16 10:20:22 INFO Results tweet: 47
2024-02-16 10:20:29 INFO Retrieved 14 tweet(s).
2024-02-16 10:20:29 INFO Results tweet: 61
2024-02-16 10:20:35 INFO Retrieved 11 tweet(s).
2024-02-16 10:20:35 INFO Results tweet: 72
2024-02-16 10:20:40 INFO Retrieved 10 tweet(s).
2024-02-16 10:20:40 INFO Results tweet: 82
2024-02-16 10:20:47 INFO Retrieved 11 tweet(s).
2024-02-16 10:20:47 INFO Results tweet: 93
2024-02-16 10:20:52 INFO Retrieved 11 tweet(s).
2024-02-16 10:20:52 INFO Results tweet: 104
2024-02-16 10:20:58 INFO Retrieved 9 tweet(s).
2024-02-16 10:20:58 INFO Results tweet: 113
2024-02-16 10:21:03 INFO Retrieved 8 tweet(s).
2024-02-16 10:21:03 INFO Results tweet: 121
2024-02-16 10:21:09 INFO Retrieved 10 tweet(s).
2024-02-16 10:21:09 INFO Results tweet: 131
2024-02-16 10:21:14 INFO Retrieved 11 tweet(s).
2024-02-16 10:21:14 INFO Results tweet: 142
2024-02-16 10:21:20 INFO Retrieved 10 tweet(s).
2024-02-16 10:21:20 INFO Results tweet: 152
2024-02-16 10:21:25 INFO Retrieved 8 tweet(s).
2024-02-16 10:21:25 INFO Results tweet: 160
2024-02-16 10:21:30 INFO Retrieved 7 tweet(s).
2024-02-16 10:21:30 INFO Results tweet: 167
2024-02-16 10:21:36 INFO Retrieved 11 tweet(s).
2024-02-16 10:21:36 INFO Results tweet: 178
2024-02-16 10:21:43 INFO Retrieved 10 tweet(s).
2024-02-16 10:21:43 INFO Results tweet: 188
2024-02-16 10:21:49 INFO Retrieved 10 tweet(s).
2024-02-16 10:21:49 INFO Results tweet: 198
2024-02-16 10:21:56 INFO Retrieved 12 tweet(s).
2024-02-16 10:21:56 INFO Results tweet: 210
2024-02-16 10:22:01 INFO Retrieved 8 tweet(s).
2024-02-16 10:22:01 INFO Results tweet: 218
2024-02-16 10:22:07 INFO Retrieved 13 tweet(s).
2024-02-16 10:22:07 INFO Results tweet: 231
2024-02-16 10:22:12 INFO Retrieved 7 tweet(s).
2024-02-16 10:22:12 INFO Results tweet: 238
2024-02-16 10:22:18 INFO Retrieved 12 tweet(s).
2024-02-16 10:22:18 INFO Results tweet: 250
2024-02-16 10:22:23 INFO Retrieved 9 tweet(s).
2024-02-16 10:22:23 INFO Results tweet: 259
2024-02-16 10:22:29 INFO Retrieved 11 tweet(s).
2024-02-16 10:22:29 INFO Results tweet: 270
2024-02-16 10:22:34 INFO Retrieved 12 tweet(s).
2024-02-16 10:22:34 INFO Results tweet: 282
2024-02-16 10:22:40 INFO Retrieved 12 tweet(s).
2024-02-16 10:22:40 INFO Results tweet: 294
2024-02-16 10:22:45 INFO Retrieved 9 tweet(s).
2024-02-16 10:22:45 INFO Results tweet: 303
2024-02-16 10:22:50 INFO Retrieved 8 tweet(s).
2024-02-16 10:22:50 INFO Results tweet: 311
2024-02-16 10:22:57 INFO Retrieved 12 tweet(s).
2024-02-16 10:22:57 INFO Results tweet: 323
2024-02-16 10:23:02 INFO Retrieved 10 tweet(s).
2024-02-16 10:23:02 INFO Results tweet: 333
2024-02-16 10:23:07 INFO Retrieved 8 tweet(s).
2024-02-16 10:23:07 INFO Results tweet: 341
2024-02-16 10:23:13 INFO Retrieved 11 tweet(s).
2024-02-16 10:23:13 INFO Results tweet: 352
2024-02-16 10:23:18 INFO Retrieved 8 tweet(s).
2024-02-16 10:23:18 INFO Results tweet: 360
2024-02-16 10:23:24 INFO Retrieved 11 tweet(s).
2024-02-16 10:23:24 INFO Results tweet: 371
2024-02-16 10:23:30 INFO Retrieved 12 tweet(s).
2024-02-16 10:23:30 INFO Results tweet: 383
2024-02-16 10:23:35 INFO Retrieved 5 tweet(s).
2024-02-16 10:23:35 INFO Results tweet: 388
2024-02-16 10:23:40 INFO Retrieved 5 tweet(s).
2024-02-16 10:23:40 INFO Results tweet: 393
2024-02-16 10:23:40 INFO Scroll not affect, still check limit.
2024-02-16 10:23:40 INFO Save current state: 338
2024-02-16 10:23:40 INFO Search tweet: AyoSiapSiapNyoblos
2024-02-16 10:23:41 INFO Waiting for element with selector: '//div[@aria-label='Timeline: Search timeline']'
2024-02-16 10:24:00 ERROR Timeout: Element with selector '//div[@aria-label='Timeline: Search timeline']' not found
