2024-03-06 11:18:50 INFO Search tweet: pemilu2024
2024-03-06 11:18:55 INFO Waiting for element with selector: '//div[@aria-label='Timeline: Search timeline']'
2024-03-06 11:19:05 INFO Retrieved 4 tweet(s).
2024-03-06 11:19:05 INFO Results tweet: 4
2024-03-06 11:19:13 INFO Retrieved 7 tweet(s).
2024-03-06 11:19:13 INFO Results tweet: 11
2024-03-06 11:19:19 INFO Retrieved 7 tweet(s).
2024-03-06 11:19:19 INFO Results tweet: 18
2024-03-06 11:19:25 INFO Retrieved 8 tweet(s).
2024-03-06 11:19:25 INFO Results tweet: 26
2024-03-06 11:19:32 INFO Retrieved 8 tweet(s).
2024-03-06 11:19:32 INFO Results tweet: 34
2024-03-06 11:19:38 INFO Retrieved 9 tweet(s).
2024-03-06 11:19:38 INFO Results tweet: 43
2024-03-06 11:19:44 INFO Retrieved 9 tweet(s).
2024-03-06 11:19:44 INFO Results tweet: 52
2024-03-06 11:19:49 INFO Retrieved 9 tweet(s).
2024-03-06 11:19:49 INFO Results tweet: 61
2024-03-06 11:19:56 INFO Retrieved 10 tweet(s).
2024-03-06 11:19:56 INFO Results tweet: 71
2024-03-06 11:20:02 INFO Retrieved 9 tweet(s).
2024-03-06 11:20:02 INFO Results tweet: 80
2024-03-06 11:20:08 INFO Retrieved 8 tweet(s).
2024-03-06 11:20:08 INFO Results tweet: 88
2024-03-06 11:20:14 INFO Retrieved 9 tweet(s).
2024-03-06 11:20:14 INFO Results tweet: 97
2024-03-06 11:20:19 INFO Retrieved 7 tweet(s).
2024-03-06 11:20:19 INFO Results tweet: 104
2024-03-06 11:20:25 INFO Retrieved 8 tweet(s).
2024-03-06 11:20:25 INFO Results tweet: 112
2024-03-06 11:20:30 INFO Retrieved 7 tweet(s).
2024-03-06 11:20:30 INFO Results tweet: 119
2024-03-06 11:20:36 INFO Retrieved 9 tweet(s).
2024-03-06 11:20:36 INFO Results tweet: 128
2024-03-06 11:20:42 INFO Retrieved 9 tweet(s).
2024-03-06 11:20:42 INFO Results tweet: 137
2024-03-06 11:20:47 INFO Retrieved 9 tweet(s).
2024-03-06 11:20:47 INFO Results tweet: 146
2024-03-06 11:20:57 INFO Retrieved 8 tweet(s).
2024-03-06 11:20:57 INFO Results tweet: 154
2024-03-06 11:21:03 INFO Retrieved 10 tweet(s).
2024-03-06 11:21:03 INFO Results tweet: 164
2024-03-06 11:21:08 INFO Retrieved 8 tweet(s).
2024-03-06 11:21:08 INFO Results tweet: 172
2024-03-06 11:21:13 INFO Retrieved 8 tweet(s).
2024-03-06 11:21:13 INFO Results tweet: 180
2024-03-06 11:21:18 INFO Retrieved 9 tweet(s).
2024-03-06 11:21:18 INFO Results tweet: 189
2024-03-06 11:21:23 INFO Retrieved 9 tweet(s).
2024-03-06 11:21:23 INFO Results tweet: 198
2024-03-06 11:21:29 INFO Retrieved 10 tweet(s).
2024-03-06 11:21:29 INFO Results tweet: 208
2024-03-06 11:21:34 INFO Retrieved 8 tweet(s).
2024-03-06 11:21:34 INFO Results tweet: 216
2024-03-06 11:21:39 INFO Retrieved 7 tweet(s).
2024-03-06 11:21:39 INFO Results tweet: 223
2024-03-06 11:21:44 INFO Retrieved 6 tweet(s).
2024-03-06 11:21:44 INFO Results tweet: 229
2024-03-06 11:21:48 INFO Retrieved 4 tweet(s).
2024-03-06 11:21:48 INFO Results tweet: 233
2024-03-06 11:21:48 INFO Scroll not affect, still check limit.
2024-03-06 11:21:48 INFO Try scroll again.
2024-03-06 11:21:53 INFO Retrieved 4 tweet(s).
2024-03-06 11:21:53 INFO Results tweet: 237
2024-03-06 11:21:53 INFO Scroll not affect, still check limit.
2024-03-06 11:21:53 INFO Try scroll again.
2024-03-06 11:21:58 INFO Retrieved 4 tweet(s).
2024-03-06 11:21:58 INFO Results tweet: 241
2024-03-06 11:21:58 INFO Scroll not affect, still check limit.
2024-03-06 11:21:58 INFO Search result: 201
2024-03-06 11:21:58 INFO Tweet has ben saved!
