2024-02-16 10:30:38 INFO Search tweet: pemilu2024
2024-02-16 10:30:39 INFO Waiting for element with selector: '//div[@aria-label='Timeline: Search timeline']'
2024-02-16 10:30:47 INFO Retrieved 5 tweet(s).
2024-02-16 10:30:47 INFO Results tweet: 5
2024-02-16 10:30:53 INFO Retrieved 9 tweet(s).
2024-02-16 10:30:53 INFO Results tweet: 14
2024-02-16 10:30:58 INFO Retrieved 8 tweet(s).
2024-02-16 10:30:58 INFO Results tweet: 22
2024-02-16 10:31:03 INFO Retrieved 8 tweet(s).
2024-02-16 10:31:03 INFO Results tweet: 30
2024-02-16 10:31:08 INFO Retrieved 6 tweet(s).
2024-02-16 10:31:08 INFO Results tweet: 36
2024-02-16 10:31:14 INFO Retrieved 9 tweet(s).
2024-02-16 10:31:14 INFO Results tweet: 45
2024-02-16 10:31:19 INFO Retrieved 6 tweet(s).
2024-02-16 10:31:19 INFO Results tweet: 51
2024-02-16 10:31:25 INFO Retrieved 9 tweet(s).
2024-02-16 10:31:25 INFO Results tweet: 60
2024-02-16 10:31:30 INFO Retrieved 9 tweet(s).
2024-02-16 10:31:30 INFO Results tweet: 69
2024-02-16 10:31:36 INFO Retrieved 9 tweet(s).
2024-02-16 10:31:36 INFO Results tweet: 78
2024-02-16 10:31:41 INFO Retrieved 10 tweet(s).
2024-02-16 10:31:41 INFO Results tweet: 88
2024-02-16 10:31:47 INFO Retrieved 12 tweet(s).
2024-02-16 10:31:47 INFO Results tweet: 100
2024-02-16 10:31:53 INFO Retrieved 11 tweet(s).
2024-02-16 10:31:53 INFO Results tweet: 111
2024-02-16 10:32:01 INFO Retrieved 12 tweet(s).
2024-02-16 10:32:01 INFO Results tweet: 123
2024-02-16 10:32:08 INFO Retrieved 12 tweet(s).
2024-02-16 10:32:08 INFO Results tweet: 135
2024-02-16 10:32:13 INFO Retrieved 8 tweet(s).
2024-02-16 10:32:13 INFO Results tweet: 143
2024-02-16 10:32:19 INFO Retrieved 10 tweet(s).
2024-02-16 10:32:19 INFO Results tweet: 153
2024-02-16 10:32:25 INFO Retrieved 11 tweet(s).
2024-02-16 10:32:25 INFO Results tweet: 164
2024-02-16 10:32:31 INFO Retrieved 11 tweet(s).
2024-02-16 10:32:31 INFO Results tweet: 175
2024-02-16 10:32:37 INFO Retrieved 9 tweet(s).
2024-02-16 10:32:37 INFO Results tweet: 184
2024-02-16 10:32:43 INFO Retrieved 8 tweet(s).
2024-02-16 10:32:43 INFO Results tweet: 192
2024-02-16 10:32:49 INFO Retrieved 10 tweet(s).
2024-02-16 10:32:49 INFO Results tweet: 202
2024-02-16 10:32:55 INFO Retrieved 11 tweet(s).
2024-02-16 10:32:55 INFO Results tweet: 213
2024-02-16 10:33:00 INFO Retrieved 10 tweet(s).
2024-02-16 10:33:00 INFO Results tweet: 223
2024-02-16 10:33:06 INFO Retrieved 7 tweet(s).
2024-02-16 10:33:06 INFO Results tweet: 230
2024-02-16 10:33:12 INFO Retrieved 10 tweet(s).
2024-02-16 10:33:12 INFO Results tweet: 240
2024-02-16 10:33:18 INFO Retrieved 11 tweet(s).
2024-02-16 10:33:18 INFO Results tweet: 251
2024-02-16 10:33:24 INFO Retrieved 10 tweet(s).
2024-02-16 10:33:24 INFO Results tweet: 261
2024-02-16 10:33:30 INFO Retrieved 10 tweet(s).
2024-02-16 10:33:30 INFO Results tweet: 271
2024-02-16 10:33:36 INFO Retrieved 12 tweet(s).
2024-02-16 10:33:36 INFO Results tweet: 283
2024-02-16 10:33:42 INFO Retrieved 8 tweet(s).
2024-02-16 10:33:42 INFO Results tweet: 291
2024-02-16 10:33:49 INFO Retrieved 13 tweet(s).
2024-02-16 10:33:49 INFO Results tweet: 304
2024-02-16 10:33:55 INFO Retrieved 7 tweet(s).
2024-02-16 10:33:55 INFO Results tweet: 311
2024-02-16 10:34:00 INFO Retrieved 12 tweet(s).
2024-02-16 10:34:00 INFO Results tweet: 323
2024-02-16 10:34:06 INFO Retrieved 9 tweet(s).
2024-02-16 10:34:06 INFO Results tweet: 332
2024-02-16 10:34:11 INFO Retrieved 11 tweet(s).
2024-02-16 10:34:11 INFO Results tweet: 343
2024-02-16 10:34:17 INFO Retrieved 12 tweet(s).
2024-02-16 10:34:17 INFO Results tweet: 355
2024-02-16 10:34:22 INFO Retrieved 7 tweet(s).
2024-02-16 10:34:22 INFO Results tweet: 362
2024-02-16 10:34:22 INFO Scroll not affect, still check limit.
2024-02-16 10:34:23 INFO Try scroll again.
2024-02-16 10:34:28 INFO Retrieved 9 tweet(s).
2024-02-16 10:34:28 INFO Results tweet: 371
2024-02-16 10:34:33 INFO Retrieved 8 tweet(s).
2024-02-16 10:34:33 INFO Results tweet: 379
2024-02-16 10:34:39 INFO Retrieved 12 tweet(s).
2024-02-16 10:34:39 INFO Results tweet: 391
2024-02-16 10:34:45 INFO Retrieved 10 tweet(s).
2024-02-16 10:34:45 INFO Results tweet: 401
2024-02-16 10:34:50 INFO Retrieved 8 tweet(s).
2024-02-16 10:34:50 INFO Results tweet: 409
2024-02-16 10:34:56 INFO Retrieved 11 tweet(s).
2024-02-16 10:34:56 INFO Results tweet: 420
2024-02-16 10:35:02 INFO Retrieved 5 tweet(s).
2024-02-16 10:35:02 INFO Results tweet: 425
2024-02-16 10:35:08 INFO Retrieved 11 tweet(s).
2024-02-16 10:35:08 INFO Results tweet: 436
2024-02-16 10:35:14 INFO Retrieved 7 tweet(s).
2024-02-16 10:35:14 INFO Results tweet: 443
2024-02-16 10:35:20 INFO Retrieved 9 tweet(s).
2024-02-16 10:35:20 INFO Results tweet: 452
2024-02-16 10:35:26 INFO Retrieved 11 tweet(s).
2024-02-16 10:35:26 INFO Results tweet: 463
2024-02-16 10:35:32 INFO Retrieved 10 tweet(s).
2024-02-16 10:35:32 INFO Results tweet: 473
2024-02-16 10:35:37 INFO Retrieved 10 tweet(s).
2024-02-16 10:35:37 INFO Results tweet: 483
2024-02-16 10:35:43 INFO Retrieved 9 tweet(s).
2024-02-16 10:35:43 INFO Results tweet: 492
2024-02-16 10:35:48 INFO Retrieved 7 tweet(s).
2024-02-16 10:35:48 INFO Results tweet: 499
2024-02-16 10:35:53 INFO Retrieved 6 tweet(s).
2024-02-16 10:35:53 INFO Results tweet: 505
2024-02-16 10:35:53 INFO Scroll not affect, still check limit.
2024-02-16 10:35:53 INFO Save current state: 443
2024-02-16 10:35:53 INFO Rate limit exceeded, please wait for 10 minutes before retrying.
2024-02-16 10:36:53 INFO Button retry has clicked!
2024-02-16 10:36:57 INFO Scroll not affect, still check limit.
2024-02-16 10:36:57 INFO Rate limit exceeded, please wait for 10 minutes before retrying.
2024-02-16 10:37:57 INFO Button retry has clicked!
2024-02-16 10:38:01 INFO Scroll not affect, still check limit.
2024-02-16 10:38:01 INFO Rate limit exceeded, please wait for 10 minutes before retrying.
2024-02-16 10:39:01 INFO Button retry has clicked!
2024-02-16 10:39:06 INFO Scroll not affect, still check limit.
2024-02-16 10:39:06 INFO Rate limit exceeded, please wait for 10 minutes before retrying.
2024-02-16 10:40:06 INFO Button retry has clicked!
2024-02-16 10:40:10 INFO Scroll not affect, still check limit.
2024-02-16 10:40:10 INFO Rate limit exceeded, please wait for 10 minutes before retrying.
2024-02-16 10:41:10 INFO Button retry has clicked!
2024-02-16 10:41:14 INFO Scroll not affect, still check limit.
2024-02-16 10:41:14 INFO Rate limit exceeded, please wait for 10 minutes before retrying.
2024-02-16 10:42:14 INFO Button retry has clicked!
2024-02-16 10:42:18 INFO Scroll not affect, still check limit.
2024-02-16 10:42:18 INFO Rate limit exceeded, please wait for 10 minutes before retrying.
2024-02-16 10:43:18 INFO Button retry has clicked!
2024-02-16 10:43:22 INFO Scroll not affect, still check limit.
2024-02-16 10:43:22 INFO Rate limit exceeded, please wait for 10 minutes before retrying.
2024-02-16 10:44:22 INFO Button retry has clicked!
2024-02-16 10:44:27 INFO Scroll not affect, still check limit.
2024-02-16 10:44:27 INFO Rate limit exceeded, please wait for 10 minutes before retrying.
2024-02-16 10:45:27 INFO Button retry has clicked!
2024-02-16 10:45:31 INFO Scroll not affect, still check limit.
2024-02-16 10:45:31 INFO Rate limit exceeded, please wait for 10 minutes before retrying.
2024-02-16 10:46:31 INFO Button retry has clicked!
2024-02-16 10:46:40 INFO Retrieved 9 tweet(s).
2024-02-16 10:46:40 INFO Results tweet: 514
2024-02-16 10:46:46 INFO Retrieved 10 tweet(s).
2024-02-16 10:46:46 INFO Results tweet: 524
2024-02-16 10:46:52 INFO Retrieved 11 tweet(s).
2024-02-16 10:46:52 INFO Results tweet: 535
2024-02-16 10:46:58 INFO Retrieved 13 tweet(s).
2024-02-16 10:46:58 INFO Results tweet: 548
2024-02-16 10:47:04 INFO Retrieved 9 tweet(s).
2024-02-16 10:47:04 INFO Results tweet: 557
2024-02-16 10:47:09 INFO Retrieved 12 tweet(s).
2024-02-16 10:47:09 INFO Results tweet: 569
2024-02-16 10:47:15 INFO Retrieved 10 tweet(s).
2024-02-16 10:47:15 INFO Results tweet: 579
2024-02-16 10:47:21 INFO Retrieved 10 tweet(s).
2024-02-16 10:47:21 INFO Results tweet: 589
2024-02-16 10:47:27 INFO Retrieved 10 tweet(s).
2024-02-16 10:47:27 INFO Results tweet: 599
2024-02-16 10:47:33 INFO Retrieved 10 tweet(s).
2024-02-16 10:47:33 INFO Results tweet: 609
2024-02-16 10:47:39 INFO Retrieved 15 tweet(s).
2024-02-16 10:47:39 INFO Results tweet: 624
2024-02-16 10:47:45 INFO Retrieved 11 tweet(s).
2024-02-16 10:47:45 INFO Results tweet: 635
2024-02-16 10:47:51 INFO Retrieved 10 tweet(s).
2024-02-16 10:47:51 INFO Results tweet: 645
2024-02-16 10:47:56 INFO Retrieved 6 tweet(s).
2024-02-16 10:47:56 INFO Results tweet: 651
2024-02-16 10:48:01 INFO Retrieved 10 tweet(s).
2024-02-16 10:48:01 INFO Results tweet: 661
2024-02-16 10:48:06 INFO Retrieved 9 tweet(s).
2024-02-16 10:48:06 INFO Results tweet: 670
2024-02-16 10:48:12 INFO Retrieved 13 tweet(s).
2024-02-16 10:48:12 INFO Results tweet: 683
2024-02-16 10:48:18 INFO Retrieved 12 tweet(s).
2024-02-16 10:48:18 INFO Results tweet: 695
2024-02-16 10:48:25 INFO Retrieved 17 tweet(s).
2024-02-16 10:48:25 INFO Results tweet: 712
2024-02-16 10:48:31 INFO Retrieved 12 tweet(s).
2024-02-16 10:48:31 INFO Results tweet: 724
2024-02-16 10:48:36 INFO Retrieved 11 tweet(s).
2024-02-16 10:48:36 INFO Results tweet: 735
2024-02-16 10:48:42 INFO Retrieved 11 tweet(s).
2024-02-16 10:48:42 INFO Results tweet: 746
2024-02-16 10:48:48 INFO Retrieved 9 tweet(s).
2024-02-16 10:48:48 INFO Results tweet: 755
2024-02-16 10:48:53 INFO Retrieved 12 tweet(s).
2024-02-16 10:48:53 INFO Results tweet: 767
2024-02-16 10:49:00 INFO Retrieved 13 tweet(s).
2024-02-16 10:49:00 INFO Results tweet: 780
2024-02-16 10:49:06 INFO Retrieved 13 tweet(s).
2024-02-16 10:49:06 INFO Results tweet: 793
2024-02-16 10:49:11 INFO Retrieved 10 tweet(s).
2024-02-16 10:49:11 INFO Results tweet: 803
2024-02-16 10:49:17 INFO Retrieved 8 tweet(s).
2024-02-16 10:49:17 INFO Results tweet: 811
2024-02-16 10:49:23 INFO Retrieved 13 tweet(s).
2024-02-16 10:49:23 INFO Results tweet: 824
2024-02-16 10:49:29 INFO Retrieved 11 tweet(s).
2024-02-16 10:49:29 INFO Results tweet: 835
2024-02-16 10:49:36 INFO Retrieved 12 tweet(s).
2024-02-16 10:49:36 INFO Results tweet: 847
2024-02-16 10:49:43 INFO Retrieved 10 tweet(s).
2024-02-16 10:49:43 INFO Results tweet: 857
2024-02-16 10:49:50 INFO Retrieved 13 tweet(s).
2024-02-16 10:49:50 INFO Results tweet: 870
2024-02-16 10:49:57 INFO Retrieved 14 tweet(s).
2024-02-16 10:49:57 INFO Results tweet: 884
2024-02-16 10:50:02 INFO Retrieved 13 tweet(s).
2024-02-16 10:50:02 INFO Results tweet: 897
2024-02-16 10:50:08 INFO Retrieved 12 tweet(s).
2024-02-16 10:50:08 INFO Results tweet: 909
2024-02-16 10:50:13 INFO Retrieved 7 tweet(s).
2024-02-16 10:50:13 INFO Results tweet: 916
2024-02-16 10:50:18 INFO Retrieved 7 tweet(s).
2024-02-16 10:50:18 INFO Results tweet: 923
2024-02-16 10:50:23 INFO Retrieved 7 tweet(s).
2024-02-16 10:50:23 INFO Results tweet: 930
2024-02-16 10:50:28 INFO Retrieved 7 tweet(s).
2024-02-16 10:50:28 INFO Results tweet: 937
2024-02-16 10:50:34 INFO Retrieved 7 tweet(s).
2024-02-16 10:50:34 INFO Results tweet: 944
2024-02-16 10:50:39 INFO Retrieved 8 tweet(s).
2024-02-16 10:50:39 INFO Results tweet: 952
2024-02-16 10:50:44 INFO Retrieved 7 tweet(s).
2024-02-16 10:50:44 INFO Results tweet: 959
2024-02-16 10:50:49 INFO Retrieved 9 tweet(s).
2024-02-16 10:50:49 INFO Results tweet: 968
2024-02-16 10:50:54 INFO Retrieved 7 tweet(s).
2024-02-16 10:50:54 INFO Results tweet: 975
2024-02-16 10:51:00 INFO Retrieved 9 tweet(s).
2024-02-16 10:51:00 INFO Results tweet: 984
2024-02-16 10:51:05 INFO Retrieved 7 tweet(s).
2024-02-16 10:51:05 INFO Results tweet: 991
2024-02-16 10:51:10 INFO Retrieved 5 tweet(s).
2024-02-16 10:51:10 INFO Results tweet: 996
2024-02-16 10:51:15 INFO Retrieved 8 tweet(s).
2024-02-16 10:51:15 INFO Results tweet: 1004
2024-02-16 10:51:20 INFO Retrieved 8 tweet(s).
2024-02-16 10:51:20 INFO Results tweet: 1012
2024-02-16 10:51:25 INFO Retrieved 5 tweet(s).
2024-02-16 10:51:25 INFO Results tweet: 1017
2024-02-16 10:51:30 INFO Retrieved 4 tweet(s).
2024-02-16 10:51:30 INFO Results tweet: 1021
2024-02-16 10:51:30 INFO Scroll not affect, still check limit.
2024-02-16 10:51:30 INFO Save current state: 487
2024-02-16 10:51:30 INFO Rate limit exceeded, please wait for 10 minutes before retrying.
2024-02-16 10:52:30 INFO Button retry has clicked!
2024-02-16 10:52:34 INFO Scroll not affect, still check limit.
2024-02-16 10:52:34 INFO Rate limit exceeded, please wait for 10 minutes before retrying.
2024-02-16 10:53:34 INFO Button retry has clicked!
2024-02-16 10:53:38 INFO Scroll not affect, still check limit.
2024-02-16 10:53:38 INFO Rate limit exceeded, please wait for 10 minutes before retrying.
2024-02-16 10:54:38 INFO Button retry has clicked!
2024-02-16 10:54:42 INFO Scroll not affect, still check limit.
2024-02-16 10:54:42 INFO Rate limit exceeded, please wait for 10 minutes before retrying.
2024-02-16 10:55:42 INFO Button retry has clicked!
2024-02-16 10:55:46 INFO Scroll not affect, still check limit.
2024-02-16 10:55:46 INFO Rate limit exceeded, please wait for 10 minutes before retrying.
2024-02-16 10:56:46 INFO Button retry has clicked!
2024-02-16 10:56:51 INFO Scroll not affect, still check limit.
2024-02-16 10:56:51 INFO Rate limit exceeded, please wait for 10 minutes before retrying.
2024-02-16 10:57:51 INFO Button retry has clicked!
2024-02-16 10:57:55 INFO Scroll not affect, still check limit.
2024-02-16 10:57:55 INFO Rate limit exceeded, please wait for 10 minutes before retrying.
2024-02-16 10:58:55 INFO Button retry has clicked!
2024-02-16 10:58:59 INFO Scroll not affect, still check limit.
2024-02-16 10:58:59 INFO Rate limit exceeded, please wait for 10 minutes before retrying.
2024-02-16 10:59:59 INFO Button retry has clicked!
2024-02-16 11:00:03 INFO Scroll not affect, still check limit.
2024-02-16 11:00:03 INFO Rate limit exceeded, please wait for 10 minutes before retrying.
2024-02-16 11:01:03 INFO Button retry has clicked!
2024-02-16 11:01:07 INFO Scroll not affect, still check limit.
2024-02-16 11:01:07 INFO Rate limit exceeded, please wait for 10 minutes before retrying.
2024-02-16 11:02:07 INFO Button retry has clicked!
2024-02-16 11:02:17 INFO Retrieved 9 tweet(s).
2024-02-16 11:02:17 INFO Results tweet: 1030
2024-02-16 11:02:22 INFO Retrieved 7 tweet(s).
2024-02-16 11:02:22 INFO Results tweet: 1037
2024-02-16 11:02:28 INFO Retrieved 9 tweet(s).
2024-02-16 11:02:28 INFO Results tweet: 1046
2024-02-16 11:02:33 INFO Retrieved 10 tweet(s).
2024-02-16 11:02:33 INFO Results tweet: 1056
2024-02-16 11:02:39 INFO Retrieved 10 tweet(s).
2024-02-16 11:02:39 INFO Results tweet: 1066
2024-02-16 11:02:44 INFO Retrieved 10 tweet(s).
2024-02-16 11:02:44 INFO Results tweet: 1076
2024-02-16 11:02:51 INFO Retrieved 18 tweet(s).
2024-02-16 11:02:51 INFO Results tweet: 1094
2024-02-16 11:02:58 INFO Retrieved 22 tweet(s).
2024-02-16 11:02:58 INFO Results tweet: 1116
2024-02-16 11:03:05 INFO Retrieved 18 tweet(s).
2024-02-16 11:03:05 INFO Results tweet: 1134
2024-02-16 11:03:11 INFO Retrieved 14 tweet(s).
2024-02-16 11:03:11 INFO Results tweet: 1148
2024-02-16 11:03:17 INFO Retrieved 14 tweet(s).
2024-02-16 11:03:17 INFO Results tweet: 1162
2024-02-16 11:03:22 INFO Retrieved 9 tweet(s).
2024-02-16 11:03:22 INFO Results tweet: 1171
2024-02-16 11:03:27 INFO Retrieved 7 tweet(s).
2024-02-16 11:03:27 INFO Results tweet: 1178
2024-02-16 11:03:33 INFO Retrieved 8 tweet(s).
2024-02-16 11:03:33 INFO Results tweet: 1186
2024-02-16 11:03:38 INFO Retrieved 9 tweet(s).
2024-02-16 11:03:38 INFO Results tweet: 1195
2024-02-16 11:03:43 INFO Retrieved 4 tweet(s).
2024-02-16 11:03:43 INFO Results tweet: 1199
2024-02-16 11:03:43 INFO Scroll not affect, still check limit.
2024-02-16 11:03:43 INFO Try scroll again.
2024-02-16 11:03:48 INFO Retrieved 8 tweet(s).
2024-02-16 11:03:48 INFO Results tweet: 1207
2024-02-16 11:03:53 INFO Retrieved 8 tweet(s).
2024-02-16 11:03:53 INFO Results tweet: 1215
2024-02-16 11:03:58 INFO Retrieved 7 tweet(s).
2024-02-16 11:03:58 INFO Results tweet: 1222
2024-02-16 11:04:03 INFO Retrieved 8 tweet(s).
2024-02-16 11:04:03 INFO Results tweet: 1230
2024-02-16 11:04:08 INFO Retrieved 7 tweet(s).
2024-02-16 11:04:08 INFO Results tweet: 1237
2024-02-16 11:04:13 INFO Retrieved 8 tweet(s).
2024-02-16 11:04:13 INFO Results tweet: 1245
2024-02-16 11:04:19 INFO Retrieved 10 tweet(s).
2024-02-16 11:04:19 INFO Results tweet: 1255
2024-02-16 11:04:24 INFO Retrieved 8 tweet(s).
2024-02-16 11:04:24 INFO Results tweet: 1263
2024-02-16 11:04:29 INFO Retrieved 10 tweet(s).
2024-02-16 11:04:29 INFO Results tweet: 1273
2024-02-16 11:04:36 INFO Retrieved 10 tweet(s).
2024-02-16 11:04:36 INFO Results tweet: 1283
2024-02-16 11:04:43 INFO Retrieved 9 tweet(s).
2024-02-16 11:04:43 INFO Results tweet: 1292
2024-02-16 11:04:49 INFO Retrieved 11 tweet(s).
2024-02-16 11:04:49 INFO Results tweet: 1303
2024-02-16 11:04:54 INFO Retrieved 10 tweet(s).
2024-02-16 11:04:54 INFO Results tweet: 1313
2024-02-16 11:05:00 INFO Retrieved 13 tweet(s).
2024-02-16 11:05:00 INFO Results tweet: 1326
2024-02-16 11:05:05 INFO Retrieved 7 tweet(s).
2024-02-16 11:05:05 INFO Results tweet: 1333
2024-02-16 11:05:11 INFO Retrieved 19 tweet(s).
2024-02-16 11:05:11 INFO Results tweet: 1352
2024-02-16 11:05:18 INFO Retrieved 19 tweet(s).
2024-02-16 11:05:18 INFO Results tweet: 1371
2024-02-16 11:05:24 INFO Retrieved 7 tweet(s).
2024-02-16 11:05:24 INFO Results tweet: 1378
2024-02-16 11:05:29 INFO Retrieved 7 tweet(s).
2024-02-16 11:05:29 INFO Results tweet: 1385
2024-02-16 11:05:34 INFO Retrieved 9 tweet(s).
2024-02-16 11:05:34 INFO Results tweet: 1394
2024-02-16 11:05:39 INFO Retrieved 9 tweet(s).
2024-02-16 11:05:39 INFO Results tweet: 1403
2024-02-16 11:05:44 INFO Retrieved 8 tweet(s).
2024-02-16 11:05:44 INFO Results tweet: 1411
2024-02-16 11:05:50 INFO Retrieved 9 tweet(s).
2024-02-16 11:05:50 INFO Results tweet: 1420
2024-02-16 11:05:55 INFO Retrieved 9 tweet(s).
2024-02-16 11:05:55 INFO Results tweet: 1429
2024-02-16 11:06:01 INFO Retrieved 10 tweet(s).
2024-02-16 11:06:01 INFO Results tweet: 1439
2024-02-16 11:06:06 INFO Retrieved 11 tweet(s).
2024-02-16 11:06:06 INFO Results tweet: 1450
2024-02-16 11:06:12 INFO Retrieved 13 tweet(s).
2024-02-16 11:06:12 INFO Results tweet: 1463
2024-02-16 11:06:18 INFO Retrieved 13 tweet(s).
2024-02-16 11:06:18 INFO Results tweet: 1476
2024-02-16 11:06:24 INFO Retrieved 10 tweet(s).
2024-02-16 11:06:24 INFO Results tweet: 1486
2024-02-16 11:06:29 INFO Retrieved 7 tweet(s).
2024-02-16 11:06:29 INFO Results tweet: 1493
2024-02-16 11:06:34 INFO Retrieved 12 tweet(s).
2024-02-16 11:06:34 INFO Results tweet: 1505
2024-02-16 11:06:40 INFO Retrieved 14 tweet(s).
2024-02-16 11:06:40 INFO Results tweet: 1519
2024-02-16 11:06:47 INFO Retrieved 15 tweet(s).
2024-02-16 11:06:47 INFO Results tweet: 1534
2024-02-16 11:06:52 INFO Retrieved 11 tweet(s).
2024-02-16 11:06:52 INFO Results tweet: 1545
2024-02-16 11:06:58 INFO Retrieved 9 tweet(s).
2024-02-16 11:06:58 INFO Results tweet: 1554
2024-02-16 11:07:03 INFO Retrieved 4 tweet(s).
2024-02-16 11:07:03 INFO Results tweet: 1558
2024-02-16 11:07:03 INFO Scroll not affect, still check limit.
2024-02-16 11:07:03 INFO Save current state: 480
2024-02-16 11:07:03 INFO Rate limit exceeded, please wait for 10 minutes before retrying.
2024-02-16 11:08:03 INFO Button retry has clicked!
2024-02-16 11:08:07 INFO Scroll not affect, still check limit.
2024-02-16 11:08:07 INFO Rate limit exceeded, please wait for 10 minutes before retrying.
2024-02-16 11:09:07 INFO Button retry has clicked!
2024-02-16 11:09:11 INFO Scroll not affect, still check limit.
2024-02-16 11:09:11 INFO Rate limit exceeded, please wait for 10 minutes before retrying.
2024-02-16 11:10:11 INFO Button retry has clicked!
2024-02-16 11:10:15 INFO Scroll not affect, still check limit.
2024-02-16 11:10:15 INFO Rate limit exceeded, please wait for 10 minutes before retrying.
2024-02-16 11:11:15 INFO Button retry has clicked!
2024-02-16 11:11:19 INFO Scroll not affect, still check limit.
2024-02-16 11:11:20 INFO Rate limit exceeded, please wait for 10 minutes before retrying.
2024-02-16 11:12:20 INFO Button retry has clicked!
2024-02-16 11:12:24 INFO Scroll not affect, still check limit.
2024-02-16 11:12:24 INFO Rate limit exceeded, please wait for 10 minutes before retrying.
2024-02-16 11:13:24 INFO Button retry has clicked!
2024-02-16 11:13:28 INFO Scroll not affect, still check limit.
2024-02-16 11:13:28 INFO Rate limit exceeded, please wait for 10 minutes before retrying.
2024-02-16 11:14:28 INFO Button retry has clicked!
2024-02-16 11:14:32 INFO Scroll not affect, still check limit.
2024-02-16 11:14:32 INFO Rate limit exceeded, please wait for 10 minutes before retrying.
2024-02-16 11:15:32 INFO Button retry has clicked!
2024-02-16 11:15:36 INFO Scroll not affect, still check limit.
2024-02-16 11:15:36 INFO Rate limit exceeded, please wait for 10 minutes before retrying.
2024-02-16 11:16:36 INFO Button retry has clicked!
2024-02-16 11:16:40 INFO Scroll not affect, still check limit.
2024-02-16 11:16:40 INFO Rate limit exceeded, please wait for 10 minutes before retrying.
2024-02-16 11:17:40 INFO Button retry has clicked!
2024-02-16 11:17:51 INFO Retrieved 13 tweet(s).
2024-02-16 11:17:51 INFO Results tweet: 1571
2024-02-16 11:17:56 INFO Retrieved 12 tweet(s).
2024-02-16 11:17:56 INFO Results tweet: 1583
2024-02-16 11:18:02 INFO Retrieved 11 tweet(s).
2024-02-16 11:18:02 INFO Results tweet: 1594
2024-02-16 11:18:08 INFO Retrieved 9 tweet(s).
2024-02-16 11:18:08 INFO Results tweet: 1603
2024-02-16 11:18:14 INFO Retrieved 13 tweet(s).
2024-02-16 11:18:14 INFO Results tweet: 1616
2024-02-16 11:18:19 INFO Retrieved 7 tweet(s).
2024-02-16 11:18:19 INFO Results tweet: 1623
2024-02-16 11:18:25 INFO Retrieved 10 tweet(s).
2024-02-16 11:18:25 INFO Results tweet: 1633
2024-02-16 11:18:30 INFO Retrieved 8 tweet(s).
2024-02-16 11:18:30 INFO Results tweet: 1641
2024-02-16 11:18:37 INFO Retrieved 8 tweet(s).
2024-02-16 11:18:37 INFO Results tweet: 1649
2024-02-16 11:18:42 INFO Retrieved 8 tweet(s).
2024-02-16 11:18:42 INFO Results tweet: 1657
2024-02-16 11:18:48 INFO Retrieved 11 tweet(s).
2024-02-16 11:18:48 INFO Results tweet: 1668
2024-02-16 11:18:53 INFO Retrieved 7 tweet(s).
2024-02-16 11:18:53 INFO Results tweet: 1675
2024-02-16 11:18:59 INFO Retrieved 10 tweet(s).
2024-02-16 11:18:59 INFO Results tweet: 1685
2024-02-16 11:19:04 INFO Retrieved 7 tweet(s).
2024-02-16 11:19:04 INFO Results tweet: 1692
2024-02-16 11:19:09 INFO Retrieved 8 tweet(s).
2024-02-16 11:19:09 INFO Results tweet: 1700
2024-02-16 11:19:14 INFO Retrieved 8 tweet(s).
2024-02-16 11:19:14 INFO Results tweet: 1708
2024-02-16 11:19:19 INFO Retrieved 6 tweet(s).
2024-02-16 11:19:19 INFO Results tweet: 1714
2024-02-16 11:19:25 INFO Retrieved 7 tweet(s).
2024-02-16 11:19:25 INFO Results tweet: 1721
2024-02-16 11:19:30 INFO Retrieved 7 tweet(s).
2024-02-16 11:19:30 INFO Results tweet: 1728
2024-02-16 11:19:35 INFO Retrieved 6 tweet(s).
2024-02-16 11:19:35 INFO Results tweet: 1734
2024-02-16 11:19:40 INFO Retrieved 7 tweet(s).
2024-02-16 11:19:40 INFO Results tweet: 1741
2024-02-16 11:19:45 INFO Retrieved 6 tweet(s).
2024-02-16 11:19:45 INFO Results tweet: 1747
2024-02-16 11:19:50 INFO Retrieved 10 tweet(s).
2024-02-16 11:19:50 INFO Results tweet: 1757
2024-02-16 11:19:56 INFO Retrieved 7 tweet(s).
2024-02-16 11:19:56 INFO Results tweet: 1764
2024-02-16 11:20:02 INFO Retrieved 12 tweet(s).
2024-02-16 11:20:02 INFO Results tweet: 1776
2024-02-16 11:20:07 INFO Retrieved 7 tweet(s).
2024-02-16 11:20:07 INFO Results tweet: 1783
2024-02-16 11:20:13 INFO Retrieved 11 tweet(s).
2024-02-16 11:20:13 INFO Results tweet: 1794
2024-02-16 11:20:18 INFO Retrieved 8 tweet(s).
2024-02-16 11:20:18 INFO Results tweet: 1802
2024-02-16 11:20:24 INFO Retrieved 7 tweet(s).
2024-02-16 11:20:24 INFO Results tweet: 1809
2024-02-16 11:20:29 INFO Retrieved 8 tweet(s).
2024-02-16 11:20:29 INFO Results tweet: 1817
2024-02-16 11:20:34 INFO Retrieved 7 tweet(s).
2024-02-16 11:20:34 INFO Results tweet: 1824
2024-02-16 11:20:39 INFO Retrieved 6 tweet(s).
2024-02-16 11:20:39 INFO Results tweet: 1830
2024-02-16 11:20:44 INFO Retrieved 8 tweet(s).
2024-02-16 11:20:44 INFO Results tweet: 1838
2024-02-16 11:20:50 INFO Retrieved 6 tweet(s).
2024-02-16 11:20:50 INFO Results tweet: 1844
2024-02-16 11:20:55 INFO Retrieved 6 tweet(s).
2024-02-16 11:20:55 INFO Results tweet: 1850
2024-02-16 11:21:01 INFO Retrieved 7 tweet(s).
2024-02-16 11:21:01 INFO Results tweet: 1857
2024-02-16 11:21:06 INFO Retrieved 6 tweet(s).
2024-02-16 11:21:06 INFO Results tweet: 1863
2024-02-16 11:21:12 INFO Retrieved 8 tweet(s).
2024-02-16 11:21:12 INFO Results tweet: 1871
2024-02-16 11:21:17 INFO Retrieved 5 tweet(s).
2024-02-16 11:21:17 INFO Results tweet: 1876
2024-02-16 11:21:22 INFO Retrieved 7 tweet(s).
2024-02-16 11:21:22 INFO Results tweet: 1883
2024-02-16 11:21:27 INFO Retrieved 6 tweet(s).
2024-02-16 11:21:27 INFO Results tweet: 1889
2024-02-16 11:21:32 INFO Retrieved 7 tweet(s).
2024-02-16 11:21:32 INFO Results tweet: 1896
2024-02-16 11:21:38 INFO Retrieved 9 tweet(s).
2024-02-16 11:21:38 INFO Results tweet: 1905
2024-02-16 11:21:43 INFO Retrieved 6 tweet(s).
2024-02-16 11:21:43 INFO Results tweet: 1911
2024-02-16 11:21:49 INFO Retrieved 10 tweet(s).
2024-02-16 11:21:49 INFO Results tweet: 1921
2024-02-16 11:21:54 INFO Retrieved 10 tweet(s).
2024-02-16 11:21:54 INFO Results tweet: 1931
2024-02-16 11:22:01 INFO Retrieved 10 tweet(s).
2024-02-16 11:22:01 INFO Results tweet: 1941
2024-02-16 11:22:06 INFO Retrieved 9 tweet(s).
2024-02-16 11:22:06 INFO Results tweet: 1950
2024-02-16 11:22:11 INFO Retrieved 6 tweet(s).
2024-02-16 11:22:11 INFO Results tweet: 1956
2024-02-16 11:22:16 INFO Retrieved 5 tweet(s).
2024-02-16 11:22:16 INFO Results tweet: 1961
2024-02-16 11:22:16 INFO Scroll not affect, still check limit.
2024-02-16 11:22:16 INFO Save current state: 394
2024-02-16 11:22:16 INFO Rate limit exceeded, please wait for 10 minutes before retrying.
2024-02-16 11:23:16 INFO Button retry has clicked!
2024-02-16 11:23:20 INFO Scroll not affect, still check limit.
2024-02-16 11:23:20 INFO Rate limit exceeded, please wait for 10 minutes before retrying.
2024-02-16 11:24:20 INFO Button retry has clicked!
2024-02-16 11:24:24 INFO Scroll not affect, still check limit.
2024-02-16 11:24:24 INFO Rate limit exceeded, please wait for 10 minutes before retrying.
2024-02-16 11:25:24 INFO Button retry has clicked!
2024-02-16 11:25:29 INFO Scroll not affect, still check limit.
2024-02-16 11:25:29 INFO Rate limit exceeded, please wait for 10 minutes before retrying.
2024-02-16 11:26:29 INFO Button retry has clicked!
2024-02-16 11:26:33 INFO Scroll not affect, still check limit.
2024-02-16 11:26:33 INFO Rate limit exceeded, please wait for 10 minutes before retrying.
2024-02-16 11:27:33 INFO Button retry has clicked!
2024-02-16 11:27:37 INFO Scroll not affect, still check limit.
2024-02-16 11:27:37 INFO Rate limit exceeded, please wait for 10 minutes before retrying.
2024-02-16 11:28:37 INFO Button retry has clicked!
2024-02-16 11:28:41 INFO Scroll not affect, still check limit.
2024-02-16 11:28:41 INFO Rate limit exceeded, please wait for 10 minutes before retrying.
2024-02-16 11:29:41 INFO Button retry has clicked!
2024-02-16 11:29:46 INFO Scroll not affect, still check limit.
2024-02-16 11:29:46 INFO Rate limit exceeded, please wait for 10 minutes before retrying.
2024-02-16 11:30:46 INFO Button retry has clicked!
2024-02-16 11:30:50 INFO Scroll not affect, still check limit.
2024-02-16 11:30:50 INFO Rate limit exceeded, please wait for 10 minutes before retrying.
2024-02-16 11:31:50 INFO Button retry has clicked!
2024-02-16 11:31:54 INFO Scroll not affect, still check limit.
2024-02-16 11:31:54 INFO Rate limit exceeded, please wait for 10 minutes before retrying.
2024-02-16 11:32:54 INFO Button retry has clicked!
2024-02-16 11:33:03 INFO Retrieved 6 tweet(s).
2024-02-16 11:33:03 INFO Results tweet: 1967
2024-02-16 11:33:08 INFO Retrieved 6 tweet(s).
2024-02-16 11:33:08 INFO Results tweet: 1973
2024-02-16 11:33:13 INFO Retrieved 7 tweet(s).
2024-02-16 11:33:13 INFO Results tweet: 1980
2024-02-16 11:33:19 INFO Retrieved 7 tweet(s).
2024-02-16 11:33:19 INFO Results tweet: 1987
2024-02-16 11:33:24 INFO Retrieved 7 tweet(s).
2024-02-16 11:33:24 INFO Results tweet: 1994
2024-02-16 11:33:29 INFO Retrieved 6 tweet(s).
2024-02-16 11:33:29 INFO Results tweet: 2000
2024-02-16 11:33:34 INFO Retrieved 6 tweet(s).
2024-02-16 11:33:34 INFO Results tweet: 2006
2024-02-16 11:33:39 INFO Retrieved 7 tweet(s).
2024-02-16 11:33:39 INFO Results tweet: 2013
2024-02-16 11:33:44 INFO Retrieved 8 tweet(s).
2024-02-16 11:33:44 INFO Results tweet: 2021
2024-02-16 11:33:49 INFO Retrieved 7 tweet(s).
2024-02-16 11:33:49 INFO Results tweet: 2028
2024-02-16 11:33:54 INFO Retrieved 7 tweet(s).
2024-02-16 11:33:54 INFO Results tweet: 2035
2024-02-16 11:33:59 INFO Retrieved 6 tweet(s).
2024-02-16 11:33:59 INFO Results tweet: 2041
2024-02-16 11:34:04 INFO Retrieved 7 tweet(s).
2024-02-16 11:34:04 INFO Results tweet: 2048
2024-02-16 11:34:09 INFO Retrieved 7 tweet(s).
2024-02-16 11:34:09 INFO Results tweet: 2055
2024-02-16 11:34:15 INFO Retrieved 8 tweet(s).
2024-02-16 11:34:15 INFO Results tweet: 2063
2024-02-16 11:34:20 INFO Retrieved 8 tweet(s).
2024-02-16 11:34:20 INFO Results tweet: 2071
2024-02-16 11:34:25 INFO Retrieved 6 tweet(s).
2024-02-16 11:34:25 INFO Results tweet: 2077
2024-02-16 11:34:30 INFO Retrieved 7 tweet(s).
2024-02-16 11:34:30 INFO Results tweet: 2084
2024-02-16 11:34:35 INFO Retrieved 8 tweet(s).
2024-02-16 11:34:35 INFO Results tweet: 2092
2024-02-16 11:34:41 INFO Retrieved 12 tweet(s).
2024-02-16 11:34:41 INFO Results tweet: 2104
2024-02-16 11:34:46 INFO Retrieved 8 tweet(s).
2024-02-16 11:34:46 INFO Results tweet: 2112
2024-02-16 11:34:52 INFO Retrieved 13 tweet(s).
2024-02-16 11:34:52 INFO Results tweet: 2125
2024-02-16 11:34:58 INFO Retrieved 11 tweet(s).
2024-02-16 11:34:58 INFO Results tweet: 2136
2024-02-16 11:35:03 INFO Retrieved 9 tweet(s).
2024-02-16 11:35:03 INFO Results tweet: 2145
2024-02-16 11:35:09 INFO Retrieved 13 tweet(s).
2024-02-16 11:35:09 INFO Results tweet: 2158
2024-02-16 11:35:14 INFO Retrieved 10 tweet(s).
2024-02-16 11:35:14 INFO Results tweet: 2168
2024-02-16 11:35:20 INFO Retrieved 10 tweet(s).
2024-02-16 11:35:20 INFO Results tweet: 2178
2024-02-16 11:35:25 INFO Retrieved 11 tweet(s).
2024-02-16 11:35:25 INFO Results tweet: 2189
2024-02-16 11:35:30 INFO Retrieved 10 tweet(s).
2024-02-16 11:35:30 INFO Results tweet: 2199
2024-02-16 11:35:36 INFO Retrieved 10 tweet(s).
2024-02-16 11:35:36 INFO Results tweet: 2209
2024-02-16 11:35:41 INFO Retrieved 10 tweet(s).
2024-02-16 11:35:41 INFO Results tweet: 2219
2024-02-16 11:35:47 INFO Retrieved 11 tweet(s).
2024-02-16 11:35:47 INFO Results tweet: 2230
2024-02-16 11:35:53 INFO Retrieved 9 tweet(s).
2024-02-16 11:35:53 INFO Results tweet: 2239
2024-02-16 11:35:58 INFO Retrieved 9 tweet(s).
2024-02-16 11:35:58 INFO Results tweet: 2248
2024-02-16 11:36:04 INFO Retrieved 9 tweet(s).
2024-02-16 11:36:04 INFO Results tweet: 2257
2024-02-16 11:36:10 INFO Retrieved 11 tweet(s).
2024-02-16 11:36:10 INFO Results tweet: 2268
2024-02-16 11:36:15 INFO Retrieved 10 tweet(s).
2024-02-16 11:36:15 INFO Results tweet: 2278
2024-02-16 11:36:21 INFO Retrieved 13 tweet(s).
2024-02-16 11:36:21 INFO Results tweet: 2291
2024-02-16 11:36:26 INFO Retrieved 9 tweet(s).
2024-02-16 11:36:26 INFO Results tweet: 2300
2024-02-16 11:36:32 INFO Retrieved 12 tweet(s).
2024-02-16 11:36:32 INFO Results tweet: 2312
2024-02-16 11:36:38 INFO Retrieved 9 tweet(s).
2024-02-16 11:36:38 INFO Results tweet: 2321
2024-02-16 11:36:43 INFO Retrieved 9 tweet(s).
2024-02-16 11:36:43 INFO Results tweet: 2330
2024-02-16 11:36:49 INFO Retrieved 8 tweet(s).
2024-02-16 11:36:49 INFO Results tweet: 2338
2024-02-16 11:36:54 INFO Retrieved 8 tweet(s).
2024-02-16 11:36:54 INFO Results tweet: 2346
2024-02-16 11:37:00 INFO Retrieved 9 tweet(s).
2024-02-16 11:37:00 INFO Results tweet: 2355
2024-02-16 11:37:05 INFO Retrieved 10 tweet(s).
2024-02-16 11:37:05 INFO Results tweet: 2365
2024-02-16 11:37:11 INFO Retrieved 8 tweet(s).
2024-02-16 11:37:11 INFO Results tweet: 2373
2024-02-16 11:37:16 INFO Retrieved 8 tweet(s).
2024-02-16 11:37:16 INFO Results tweet: 2381
2024-02-16 11:37:22 INFO Retrieved 8 tweet(s).
2024-02-16 11:37:22 INFO Results tweet: 2389
2024-02-16 11:37:27 INFO Retrieved 5 tweet(s).
2024-02-16 11:37:27 INFO Results tweet: 2394
2024-02-16 11:37:31 INFO Retrieved 4 tweet(s).
2024-02-16 11:37:31 INFO Results tweet: 2398
2024-02-16 11:37:31 INFO Scroll not affect, still check limit.
2024-02-16 11:37:31 INFO Save current state: 414
2024-02-16 11:37:31 INFO Rate limit exceeded, please wait for 10 minutes before retrying.
2024-02-16 11:38:31 INFO Button retry has clicked!
2024-02-16 11:38:35 INFO Scroll not affect, still check limit.
2024-02-16 11:38:35 INFO Rate limit exceeded, please wait for 10 minutes before retrying.
2024-02-16 11:39:35 INFO Button retry has clicked!
2024-02-16 11:39:40 INFO Scroll not affect, still check limit.
2024-02-16 11:39:40 INFO Rate limit exceeded, please wait for 10 minutes before retrying.
2024-02-16 11:40:40 INFO Button retry has clicked!
2024-02-16 11:40:44 INFO Scroll not affect, still check limit.
2024-02-16 11:40:44 INFO Rate limit exceeded, please wait for 10 minutes before retrying.
2024-02-16 11:41:44 INFO Button retry has clicked!
2024-02-16 11:41:48 INFO Scroll not affect, still check limit.
2024-02-16 11:41:48 INFO Rate limit exceeded, please wait for 10 minutes before retrying.
2024-02-16 11:42:48 INFO Button retry has clicked!
2024-02-16 11:42:52 INFO Scroll not affect, still check limit.
2024-02-16 11:42:52 INFO Rate limit exceeded, please wait for 10 minutes before retrying.
2024-02-16 11:43:52 INFO Button retry has clicked!
2024-02-16 11:43:56 INFO Scroll not affect, still check limit.
2024-02-16 11:43:56 INFO Rate limit exceeded, please wait for 10 minutes before retrying.
2024-02-16 11:44:56 INFO Button retry has clicked!
2024-02-16 11:45:01 INFO Scroll not affect, still check limit.
2024-02-16 11:45:01 INFO Rate limit exceeded, please wait for 10 minutes before retrying.
2024-02-16 11:46:01 INFO Button retry has clicked!
2024-02-16 11:46:05 INFO Scroll not affect, still check limit.
2024-02-16 11:46:05 INFO Rate limit exceeded, please wait for 10 minutes before retrying.
2024-02-16 11:47:05 INFO Button retry has clicked!
2024-02-16 11:47:09 INFO Scroll not affect, still check limit.
2024-02-16 11:47:09 INFO Rate limit exceeded, please wait for 10 minutes before retrying.
2024-02-16 11:48:09 INFO Button retry has clicked!
2024-02-16 11:48:19 INFO Retrieved 9 tweet(s).
2024-02-16 11:48:19 INFO Results tweet: 2407
2024-02-16 11:48:24 INFO Retrieved 10 tweet(s).
2024-02-16 11:48:24 INFO Results tweet: 2417
2024-02-16 11:48:30 INFO Retrieved 11 tweet(s).
2024-02-16 11:48:30 INFO Results tweet: 2428
2024-02-16 11:48:35 INFO Retrieved 9 tweet(s).
2024-02-16 11:48:35 INFO Results tweet: 2437
2024-02-16 11:48:41 INFO Retrieved 11 tweet(s).
2024-02-16 11:48:41 INFO Results tweet: 2448
2024-02-16 11:48:46 INFO Retrieved 8 tweet(s).
2024-02-16 11:48:46 INFO Results tweet: 2456
2024-02-16 11:48:52 INFO Retrieved 11 tweet(s).
2024-02-16 11:48:52 INFO Results tweet: 2467
2024-02-16 11:48:57 INFO Retrieved 9 tweet(s).
2024-02-16 11:48:57 INFO Results tweet: 2476
2024-02-16 11:49:03 INFO Retrieved 10 tweet(s).
2024-02-16 11:49:03 INFO Results tweet: 2486
2024-02-16 11:49:08 INFO Retrieved 8 tweet(s).
2024-02-16 11:49:08 INFO Results tweet: 2494
2024-02-16 11:49:13 INFO Retrieved 9 tweet(s).
2024-02-16 11:49:13 INFO Results tweet: 2503
2024-02-16 11:49:19 INFO Retrieved 8 tweet(s).
2024-02-16 11:49:19 INFO Results tweet: 2511
2024-02-16 11:49:24 INFO Retrieved 8 tweet(s).
2024-02-16 11:49:24 INFO Results tweet: 2519
2024-02-16 11:49:29 INFO Retrieved 9 tweet(s).
2024-02-16 11:49:29 INFO Results tweet: 2528
2024-02-16 11:49:35 INFO Retrieved 8 tweet(s).
2024-02-16 11:49:35 INFO Results tweet: 2536
2024-02-16 11:49:40 INFO Retrieved 11 tweet(s).
2024-02-16 11:49:40 INFO Results tweet: 2547
2024-02-16 11:49:46 INFO Retrieved 11 tweet(s).
2024-02-16 11:49:46 INFO Results tweet: 2558
2024-02-16 11:49:52 INFO Retrieved 13 tweet(s).
2024-02-16 11:49:52 INFO Results tweet: 2571
2024-02-16 11:49:58 INFO Retrieved 13 tweet(s).
2024-02-16 11:49:58 INFO Results tweet: 2584
2024-02-16 11:50:04 INFO Retrieved 11 tweet(s).
2024-02-16 11:50:04 INFO Results tweet: 2595
2024-02-16 11:50:10 INFO Retrieved 11 tweet(s).
2024-02-16 11:50:10 INFO Results tweet: 2606
2024-02-16 11:50:15 INFO Retrieved 9 tweet(s).
2024-02-16 11:50:15 INFO Results tweet: 2615
2024-02-16 11:50:21 INFO Retrieved 7 tweet(s).
2024-02-16 11:50:21 INFO Results tweet: 2622
2024-02-16 11:50:28 INFO Retrieved 13 tweet(s).
2024-02-16 11:50:28 INFO Results tweet: 2635
2024-02-16 11:50:34 INFO Retrieved 10 tweet(s).
2024-02-16 11:50:34 INFO Results tweet: 2645
2024-02-16 11:50:40 INFO Retrieved 11 tweet(s).
2024-02-16 11:50:40 INFO Results tweet: 2656
2024-02-16 11:50:46 INFO Retrieved 9 tweet(s).
2024-02-16 11:50:46 INFO Results tweet: 2665
2024-02-16 11:50:52 INFO Retrieved 10 tweet(s).
2024-02-16 11:50:52 INFO Results tweet: 2675
2024-02-16 11:50:58 INFO Retrieved 13 tweet(s).
2024-02-16 11:50:58 INFO Results tweet: 2688
2024-02-16 11:51:04 INFO Retrieved 9 tweet(s).
2024-02-16 11:51:04 INFO Results tweet: 2697
2024-02-16 11:51:10 INFO Retrieved 11 tweet(s).
2024-02-16 11:51:10 INFO Results tweet: 2708
2024-02-16 11:51:15 INFO Retrieved 9 tweet(s).
2024-02-16 11:51:15 INFO Results tweet: 2717
2024-02-16 11:51:21 INFO Retrieved 9 tweet(s).
2024-02-16 11:51:21 INFO Results tweet: 2726
2024-02-16 11:51:26 INFO Retrieved 9 tweet(s).
2024-02-16 11:51:26 INFO Results tweet: 2735
2024-02-16 11:51:32 INFO Retrieved 11 tweet(s).
2024-02-16 11:51:32 INFO Results tweet: 2746
2024-02-16 11:51:37 INFO Retrieved 10 tweet(s).
2024-02-16 11:51:37 INFO Results tweet: 2756
2024-02-16 11:51:44 INFO Retrieved 12 tweet(s).
2024-02-16 11:51:44 INFO Results tweet: 2768
2024-02-16 11:51:49 INFO Retrieved 9 tweet(s).
2024-02-16 11:51:49 INFO Results tweet: 2777
2024-02-16 11:51:55 INFO Retrieved 11 tweet(s).
2024-02-16 11:51:55 INFO Results tweet: 2788
2024-02-16 11:52:01 INFO Retrieved 9 tweet(s).
2024-02-16 11:52:01 INFO Results tweet: 2797
2024-02-16 11:52:06 INFO Retrieved 10 tweet(s).
2024-02-16 11:52:06 INFO Results tweet: 2807
2024-02-16 11:52:12 INFO Retrieved 12 tweet(s).
2024-02-16 11:52:12 INFO Results tweet: 2819
2024-02-16 11:52:17 INFO Retrieved 10 tweet(s).
2024-02-16 11:52:17 INFO Results tweet: 2829
2024-02-16 11:52:23 INFO Retrieved 11 tweet(s).
2024-02-16 11:52:23 INFO Results tweet: 2840
2024-02-16 11:52:29 INFO Retrieved 10 tweet(s).
2024-02-16 11:52:29 INFO Results tweet: 2850
2024-02-16 11:52:34 INFO Retrieved 10 tweet(s).
2024-02-16 11:52:34 INFO Results tweet: 2860
2024-02-16 11:52:40 INFO Retrieved 9 tweet(s).
2024-02-16 11:52:40 INFO Results tweet: 2869
2024-02-16 11:52:45 INFO Retrieved 9 tweet(s).
2024-02-16 11:52:45 INFO Results tweet: 2878
2024-02-16 11:52:50 INFO Retrieved 9 tweet(s).
2024-02-16 11:52:50 INFO Results tweet: 2887
2024-02-16 11:52:56 INFO Retrieved 6 tweet(s).
2024-02-16 11:52:56 INFO Results tweet: 2893
2024-02-16 11:52:56 INFO Scroll not affect, still check limit.
2024-02-16 11:52:56 INFO Save current state: 444
2024-02-16 11:52:56 INFO Rate limit exceeded, please wait for 10 minutes before retrying.
2024-02-16 11:53:56 INFO Button retry has clicked!
2024-02-16 11:54:00 INFO Scroll not affect, still check limit.
2024-02-16 11:54:00 INFO Rate limit exceeded, please wait for 10 minutes before retrying.
2024-02-16 11:55:00 INFO Button retry has clicked!
2024-02-16 11:55:04 INFO Scroll not affect, still check limit.
2024-02-16 11:55:04 INFO Rate limit exceeded, please wait for 10 minutes before retrying.
2024-02-16 11:56:04 INFO Button retry has clicked!
2024-02-16 11:56:08 INFO Scroll not affect, still check limit.
2024-02-16 11:56:08 INFO Rate limit exceeded, please wait for 10 minutes before retrying.
2024-02-16 11:57:08 INFO Button retry has clicked!
2024-02-16 11:57:13 INFO Scroll not affect, still check limit.
2024-02-16 11:57:13 INFO Rate limit exceeded, please wait for 10 minutes before retrying.
2024-02-16 11:58:13 INFO Button retry has clicked!
2024-02-16 11:58:17 INFO Scroll not affect, still check limit.
2024-02-16 11:58:17 INFO Rate limit exceeded, please wait for 10 minutes before retrying.
2024-02-16 11:59:17 INFO Button retry has clicked!
2024-02-16 11:59:21 INFO Scroll not affect, still check limit.
2024-02-16 11:59:21 INFO Rate limit exceeded, please wait for 10 minutes before retrying.
2024-02-16 12:00:21 INFO Button retry has clicked!
2024-02-16 12:00:25 INFO Scroll not affect, still check limit.
2024-02-16 12:00:25 INFO Rate limit exceeded, please wait for 10 minutes before retrying.
2024-02-16 12:01:25 INFO Button retry has clicked!
2024-02-16 12:01:29 INFO Scroll not affect, still check limit.
2024-02-16 12:01:29 INFO Rate limit exceeded, please wait for 10 minutes before retrying.
2024-02-16 12:02:29 INFO Button retry has clicked!
2024-02-16 12:02:34 INFO Scroll not affect, still check limit.
2024-02-16 12:02:34 INFO Rate limit exceeded, please wait for 10 minutes before retrying.
2024-02-16 12:03:34 INFO Button retry has clicked!
2024-02-16 12:03:43 INFO Retrieved 9 tweet(s).
2024-02-16 12:03:43 INFO Results tweet: 2902
2024-02-16 12:03:48 INFO Retrieved 9 tweet(s).
2024-02-16 12:03:48 INFO Results tweet: 2911
2024-02-16 12:03:54 INFO Retrieved 10 tweet(s).
2024-02-16 12:03:54 INFO Results tweet: 2921
2024-02-16 12:04:00 INFO Retrieved 14 tweet(s).
2024-02-16 12:04:00 INFO Results tweet: 2935
2024-02-16 12:04:05 INFO Retrieved 9 tweet(s).
2024-02-16 12:04:05 INFO Results tweet: 2944
2024-02-16 12:04:11 INFO Retrieved 16 tweet(s).
2024-02-16 12:04:11 INFO Results tweet: 2960
2024-02-16 12:04:17 INFO Retrieved 12 tweet(s).
2024-02-16 12:04:17 INFO Results tweet: 2972
2024-02-16 12:04:22 INFO Retrieved 10 tweet(s).
2024-02-16 12:04:22 INFO Results tweet: 2982
2024-02-16 12:04:28 INFO Retrieved 10 tweet(s).
2024-02-16 12:04:28 INFO Results tweet: 2992
2024-02-16 12:04:33 INFO Retrieved 9 tweet(s).
2024-02-16 12:04:33 INFO Results tweet: 3001
2024-02-16 12:04:38 INFO Retrieved 9 tweet(s).
2024-02-16 12:04:38 INFO Results tweet: 3010
2024-02-16 12:04:44 INFO Retrieved 10 tweet(s).
2024-02-16 12:04:44 INFO Results tweet: 3020
2024-02-16 12:04:49 INFO Retrieved 11 tweet(s).
2024-02-16 12:04:49 INFO Results tweet: 3031
2024-02-16 12:04:55 INFO Retrieved 8 tweet(s).
2024-02-16 12:04:55 INFO Results tweet: 3039
2024-02-16 12:05:00 INFO Retrieved 9 tweet(s).
2024-02-16 12:05:00 INFO Results tweet: 3048
2024-02-16 12:05:05 INFO Retrieved 9 tweet(s).
2024-02-16 12:05:05 INFO Results tweet: 3057
2024-02-16 12:05:11 INFO Retrieved 11 tweet(s).
2024-02-16 12:05:11 INFO Results tweet: 3068
2024-02-16 12:05:16 INFO Retrieved 9 tweet(s).
2024-02-16 12:05:16 INFO Results tweet: 3077
2024-02-16 12:05:21 INFO Retrieved 10 tweet(s).
2024-02-16 12:05:21 INFO Results tweet: 3087
2024-02-16 12:05:27 INFO Retrieved 9 tweet(s).
2024-02-16 12:05:27 INFO Results tweet: 3096
2024-02-16 12:05:32 INFO Retrieved 11 tweet(s).
2024-02-16 12:05:32 INFO Results tweet: 3107
2024-02-16 12:05:38 INFO Retrieved 10 tweet(s).
2024-02-16 12:05:38 INFO Results tweet: 3117
2024-02-16 12:05:43 INFO Retrieved 10 tweet(s).
2024-02-16 12:05:43 INFO Results tweet: 3127
2024-02-16 12:05:49 INFO Retrieved 10 tweet(s).
2024-02-16 12:05:49 INFO Results tweet: 3137
2024-02-16 12:05:54 INFO Retrieved 13 tweet(s).
2024-02-16 12:05:54 INFO Results tweet: 3150
2024-02-16 12:06:00 INFO Retrieved 13 tweet(s).
2024-02-16 12:06:00 INFO Results tweet: 3163
2024-02-16 12:06:06 INFO Retrieved 11 tweet(s).
2024-02-16 12:06:06 INFO Results tweet: 3174
2024-02-16 12:06:12 INFO Retrieved 12 tweet(s).
2024-02-16 12:06:12 INFO Results tweet: 3186
2024-02-16 12:06:17 INFO Retrieved 9 tweet(s).
2024-02-16 12:06:17 INFO Results tweet: 3195
2024-02-16 12:06:22 INFO Retrieved 6 tweet(s).
2024-02-16 12:06:22 INFO Results tweet: 3201
2024-02-16 12:06:27 INFO Retrieved 6 tweet(s).
2024-02-16 12:06:27 INFO Results tweet: 3207
2024-02-16 12:06:27 INFO Scroll not affect, still check limit.
2024-02-16 12:06:27 INFO Save current state: 277
2024-02-16 12:06:27 INFO Rate limit exceeded, please wait for 10 minutes before retrying.
2024-02-16 12:07:27 INFO Button retry has clicked!
2024-02-16 12:07:31 INFO Scroll not affect, still check limit.
2024-02-16 12:07:31 INFO Search result: 0
2024-02-16 12:07:31 INFO Tweet has ben saved!
2024-02-16 12:07:31 INFO Search tweet: AyoSiapSiapNyoblos
2024-02-16 12:07:32 INFO Waiting for element with selector: '//div[@aria-label='Timeline: Search timeline']'
2024-02-16 12:08:32 ERROR Timeout: Element with selector '//div[@aria-label='Timeline: Search timeline']' not found
